-------------------------------------------------------------------------------
Test set: com.lambdatest.cucumber.ParallelFirefoxTest
-------------------------------------------------------------------------------
Tests run: 1, Failures: 0, Errors: 1, Skipped: 0, Time elapsed: 0.002 s <<< FAILURE! - in com.lambdatest.cucumber.ParallelFirefoxTest
initializationError(com.lambdatest.cucumber.ParallelFirefoxTest)  Time elapsed: 0.002 s  <<< ERROR!
cucumber.runtime.DuplicateStepDefinitionException: Duplicate step definitions in com.lambdatest.cucumber.steps.lambdaTestDemoSteps.i_reach_the_URL() in file:/Users/tapan.khimani/eclipse-workspace/Android/Serenity-Selenium-Demo/target/test-classes/ and com.lambdatest.cucumber.steps.GoogleSearchSteps.i_reach_the_URL() in file:/Users/tapan.khimani/eclipse-workspace/Android/Serenity-Selenium-Demo/target/test-classes/

