<?xml version="1.0" encoding="UTF-8"?><testsuite errors="0" failures="1" name="Lambda Test Scenarios" skipped="0" tests="11" time="410.51" timestamp="2021-11-17 06:54:30"><testcase name="user wants to check the checkbox"/><testcase name="user wants to select Radio Button"/><testcase name="user wants to fill form"/><testcase name="user wants to select Dates from a DatePicker"/><testcase name="user wants to select number of rows and set pagination"/><testcase name="user wants to search the value from number of records and wants to perform sorting"/><testcase name="user wants to download"/><testcase name="user wants to work with bootstap modals"/><testcase name="user wants to download file with set text"/><testcase name="user wants to move values from left table to right or vice-versa BootStrap"><failure message="Expected enabled element was not enabled&#10;Build info: version: '3.141.59', revision: 'e82be7d358', time: '2018-11-14T08:17:03'&#10;System info: host: 'TapanKNew.local', ip: '127.0.0.1', os.name: 'Mac OS X', os.arch: 'x86_64', os.version: '10.15', java.version: '13.0.1'&#10;Driver info: driver.version: unknown" type="net.thucydides.core.webdriver.exceptions.ElementShouldBeEnabledException">Expected enabled element was not enabled
Build info: version: '3.141.59', revision: 'e82be7d358', time: '2018-11-14T08:17:03'
System info: host: 'TapanKNew.local', ip: '127.0.0.1', os.name: 'Mac OS X', os.arch: 'x86_64', os.version: '10.15', java.version: '13.0.1'
Driver info: driver.version: unknown</failure><system-err>Expected enabled element was not enabled
Build info: version: '3.141.59', revision: 'e82be7d358', time: '2018-11-14T08:17:03'
System info: host: 'TapanKNew.local', ip: '127.0.0.1', os.name: 'Mac OS X', os.arch: 'x86_64', os.version: '10.15', java.version: '13.0.1'
Driver info: driver.version: unknown
com.lambdatest.cucumber.pages.lambdaTestDemo_bootStrapListBox.moveValues(lambdaTestDemo_bootStrapListBox.java:46)
com.lambdatest.cucumber.steps.lambdaTestDemoSteps_bootStapListBox.selectValues(lambdaTestDemoSteps_bootStapListBox.java:21)
✽.user select values that need to move(src/test/resources/features/single.feature:50)
</system-err></testcase><testcase name="user wants to move values from left table to right or vice-versa JQuery"/></testsuite>