<?xml version="1.0" encoding="UTF-8"?><testsuite errors="0" failures="0" name="Lambda Test Scenarios" skipped="0" tests="11" time="378.7" timestamp="2021-11-14 09:59:34"><testcase name="user wants to check the checkbox"/><testcase name="user wants to select Radio Button"/><testcase name="user wants to fill form"/><testcase name="user wants to select Dates from a DatePicker"/><testcase name="user wants to select number of rows and set pagination"/><testcase name="user wants to search the value from number of records and wants to perform sorting"/><testcase name="user wants to download"/><testcase name="user wants to work with bootstap modals"/><testcase name="user wants to download file with set text"/><testcase name="user wants to move values from left table to right or vice-versa BootStrap"/><testcase name="user wants to move values from left table to right or vice-versa JQuery"/></testsuite>